A: ../data/bcspwr/bcspwr01.mtx 39x39
m=100, tol=1e-06, maxit=100000

FGMRES converged to relative tolerance: 9.93955e-07 at iteration 317 (out: 3, in: 17)
[3.569] ms in Krylov 
[236.871] ms in LLS 
[1.130] ms in Get Residual 
[241.778] ms in total (Dense w OMP)

A: ../data/bcspwr/bcspwr01.mtx 39x39
m=100, tol=1e-06, maxit=100000

FGMRES converged to relative tolerance: 8.45741e-07 at iteration 367 (out: 3, in: 67)
[4.102] ms in Krylov 
[261.838] ms in LLS 
[1.253] ms in Get Residual 
[267.457] ms in total (Dense w OMP)

A: ../data/bcspwr/bcspwr01.mtx 39x39
m=100, tol=1e-06, maxit=100000

FGMRES converged to relative tolerance: 9.58314e-07 at iteration 322 (out: 3, in: 22)
[3.642] ms in Krylov 
[238.433] ms in LLS 
[1.120] ms in Get Residual 
[243.378] ms in total (Dense w OMP)

A: ../data/bcspwr/bcspwr01.mtx 39x39
m=100, tol=1e-06, maxit=100000

FGMRES converged to relative tolerance: 8.8249e-07 at iteration 409 (out: 4, in: 9)
[4.854] ms in Krylov 
[320.794] ms in LLS 
[1.502] ms in Get Residual 
[327.446] ms in total (Dense w OMP)

A: ../data/bcspwr/bcspwr01.mtx 39x39
m=100, tol=1e-06, maxit=100000

FGMRES converged to relative tolerance: 7.68973e-07 at iteration 412 (out: 4, in: 12)
[4.702] ms in Krylov 
[316.681] ms in LLS 
[1.450] ms in Get Residual 
[323.032] ms in total (Dense w OMP)

A: ../data/bcspwr/bcspwr01.mtx 39x39
m=100, tol=1e-06, maxit=100000

FGMRES converged to relative tolerance: 9.63334e-07 at iteration 422 (out: 4, in: 22)
[4.777] ms in Krylov 
[316.318] ms in LLS 
[1.512] ms in Get Residual 
[322.781] ms in total (Dense w OMP)

A: ../data/bcspwr/bcspwr01.mtx 39x39
m=100, tol=1e-06, maxit=100000

FGMRES converged to relative tolerance: 9.2856e-07 at iteration 371 (out: 3, in: 71)
[4.124] ms in Krylov 
[258.756] ms in LLS 
[1.302] ms in Get Residual 
[264.344] ms in total (Dense w OMP)

A: ../data/bcspwr/bcspwr01.mtx 39x39
m=100, tol=1e-06, maxit=100000

FGMRES converged to relative tolerance: 5.68123e-07 at iteration 427 (out: 4, in: 27)
[4.803] ms in Krylov 
[314.838] ms in LLS 
[1.497] ms in Get Residual 
[321.314] ms in total (Dense w OMP)

A: ../data/bcspwr/bcspwr01.mtx 39x39
m=100, tol=1e-06, maxit=100000

FGMRES converged to relative tolerance: 9.81573e-07 at iteration 413 (out: 4, in: 13)
[4.728] ms in Krylov 
[314.153] ms in LLS 
[1.461] ms in Get Residual 
[320.509] ms in total (Dense w OMP)

A: ../data/bcspwr/bcspwr01.mtx 39x39
m=100, tol=1e-06, maxit=100000

FGMRES converged to relative tolerance: 6.61069e-07 at iteration 420 (out: 4, in: 20)
[4.814] ms in Krylov 
[314.173] ms in LLS 
[1.477] ms in Get Residual 
[320.631] ms in total (Dense w OMP)

A: ../data/bcspwr/bcspwr01.mtx 39x39
m=100, tol=1e-06, maxit=100000

FGMRES converged to relative tolerance: 9.2275e-07 at iteration 337 (out: 3, in: 37)
[3.710] ms in Krylov 
[238.812] ms in LLS 
[1.141] ms in Get Residual 
[243.832] ms in total (Dense w OMP)

A: ../data/bcspwr/bcspwr01.mtx 39x39
m=100, tol=1e-06, maxit=100000

FGMRES converged to relative tolerance: 9.30631e-07 at iteration 427 (out: 4, in: 27)
[4.791] ms in Krylov 
[317.167] ms in LLS 
[1.476] ms in Get Residual 
[323.604] ms in total (Dense w OMP)

A: ../data/bcspwr/bcspwr01.mtx 39x39
m=100, tol=1e-06, maxit=100000

FGMRES converged to relative tolerance: 9.83761e-07 at iteration 439 (out: 4, in: 39)
[4.894] ms in Krylov 
[317.669] ms in LLS 
[1.522] ms in Get Residual 
[324.255] ms in total (Dense w OMP)

A: ../data/bcspwr/bcspwr01.mtx 39x39
m=100, tol=1e-06, maxit=100000

FGMRES converged to relative tolerance: 8.97457e-07 at iteration 421 (out: 4, in: 21)
[4.793] ms in Krylov 
[313.854] ms in LLS 
[1.486] ms in Get Residual 
[320.304] ms in total (Dense w OMP)

A: ../data/bcspwr/bcspwr01.mtx 39x39
m=100, tol=1e-06, maxit=100000

FGMRES converged to relative tolerance: 9.77251e-07 at iteration 341 (out: 3, in: 41)
[3.838] ms in Krylov 
[246.631] ms in LLS 
[1.195] ms in Get Residual 
[251.832] ms in total (Dense w OMP)

A: ../data/bcspwr/bcspwr01.mtx 39x39
m=100, tol=1e-06, maxit=100000

FGMRES converged to relative tolerance: 9.24307e-07 at iteration 316 (out: 3, in: 16)
[3.543] ms in Krylov 
[236.184] ms in LLS 
[1.091] ms in Get Residual 
[240.981] ms in total (Dense w OMP)

A: ../data/bcspwr/bcspwr01.mtx 39x39
m=100, tol=1e-06, maxit=100000

FGMRES converged to relative tolerance: 9.66046e-07 at iteration 417 (out: 4, in: 17)
[4.724] ms in Krylov 
[313.690] ms in LLS 
[1.469] ms in Get Residual 
[320.071] ms in total (Dense w OMP)

A: ../data/bcspwr/bcspwr01.mtx 39x39
m=100, tol=1e-06, maxit=100000

FGMRES converged to relative tolerance: 3.85569e-07 at iteration 416 (out: 4, in: 16)
[4.728] ms in Krylov 
[315.653] ms in LLS 
[1.468] ms in Get Residual 
[322.016] ms in total (Dense w OMP)

A: ../data/bcspwr/bcspwr01.mtx 39x39
m=100, tol=1e-06, maxit=100000

FGMRES converged to relative tolerance: 9.3601e-07 at iteration 366 (out: 3, in: 66)
[4.085] ms in Krylov 
[253.046] ms in LLS 
[1.312] ms in Get Residual 
[258.605] ms in total (Dense w OMP)

A: ../data/bcspwr/bcspwr01.mtx 39x39
m=100, tol=1e-06, maxit=100000

FGMRES converged to relative tolerance: 7.07588e-07 at iteration 420 (out: 4, in: 20)
[4.733] ms in Krylov 
[313.321] ms in LLS 
[1.483] ms in Get Residual 
[319.703] ms in total (Dense w OMP)

