A: ../data/cage10.mtx 11397x11397
m=100, tol=1e-06, maxit=100000

FGMRES converged to relative tolerance: 9.68815e-07 at iteration 1006 (out: 10, in: 6)
[98418.801] ms in Krylov 
[946.885] ms in LLS 
[97910.120] ms in Get Residual 
[198349.902] ms in total (Dense w OMP)

A: ../data/cage10.mtx 11397x11397
m=100, tol=1e-06, maxit=100000

FGMRES converged to relative tolerance: 9.94627e-07 at iteration 780 (out: 7, in: 80)
[68876.240] ms in Krylov 
[705.256] ms in LLS 
[67624.983] ms in Get Residual 
[137913.554] ms in total (Dense w OMP)

A: ../data/cage10.mtx 11397x11397
m=100, tol=1e-06, maxit=100000

FGMRES converged to relative tolerance: 9.5837e-07 at iteration 1004 (out: 10, in: 4)
[88258.464] ms in Krylov 
[953.764] ms in LLS 
[86860.767] ms in Get Residual 
[177047.783] ms in total (Dense w OMP)

A: ../data/cage10.mtx 11397x11397
m=100, tol=1e-06, maxit=100000

FGMRES converged to relative tolerance: 9.96081e-07 at iteration 721 (out: 7, in: 21)
[83117.238] ms in Krylov 
[700.462] ms in LLS 
[83951.100] ms in Get Residual 
[168718.324] ms in total (Dense w OMP)

A: ../data/cage10.mtx 11397x11397
m=100, tol=1e-06, maxit=100000

FGMRES converged to relative tolerance: 8.31694e-07 at iteration 1004 (out: 10, in: 4)
[98483.355] ms in Krylov 
[944.666] ms in LLS 
[97527.371] ms in Get Residual 
[198035.642] ms in total (Dense w OMP)

A: ../data/cage10.mtx 11397x11397
m=100, tol=1e-06, maxit=100000

FGMRES converged to relative tolerance: 7.51922e-07 at iteration 1004 (out: 10, in: 4)
[87676.153] ms in Krylov 
[948.839] ms in LLS 
[86288.798] ms in Get Residual 
[175871.712] ms in total (Dense w OMP)

A: ../data/cage10.mtx 11397x11397
m=100, tol=1e-06, maxit=100000

FGMRES converged to relative tolerance: 8.80509e-07 at iteration 1004 (out: 10, in: 4)
[98805.553] ms in Krylov 
[954.487] ms in LLS 
[98492.421] ms in Get Residual 
[199408.161] ms in total (Dense w OMP)

A: ../data/cage10.mtx 11397x11397
m=100, tol=1e-06, maxit=100000

FGMRES converged to relative tolerance: 9.22087e-07 at iteration 1004 (out: 10, in: 4)
[74168.085] ms in Krylov 
[1028.428] ms in LLS 
[75369.562] ms in Get Residual 
[151362.544] ms in total (Dense w OMP)

A: ../data/cage10.mtx 11397x11397
m=100, tol=1e-06, maxit=100000

FGMRES converged to relative tolerance: 9.53041e-07 at iteration 709 (out: 7, in: 9)
[69506.891] ms in Krylov 
[672.435] ms in LLS 
[69297.492] ms in Get Residual 
[140260.374] ms in total (Dense w OMP)

A: ../data/cage10.mtx 11397x11397
m=100, tol=1e-06, maxit=100000

FGMRES converged to relative tolerance: 8.29763e-07 at iteration 1004 (out: 10, in: 4)
[63081.843] ms in Krylov 
[996.672] ms in LLS 
[62196.712] ms in Get Residual 
[127016.676] ms in total (Dense w OMP)

A: ../data/cage10.mtx 11397x11397
m=100, tol=1e-06, maxit=100000

FGMRES converged to relative tolerance: 9.52007e-07 at iteration 1006 (out: 10, in: 6)
[98767.271] ms in Krylov 
[942.544] ms in LLS 
[97694.916] ms in Get Residual 
[198495.585] ms in total (Dense w OMP)

A: ../data/cage10.mtx 11397x11397
m=100, tol=1e-06, maxit=100000

FGMRES converged to relative tolerance: 9.48221e-07 at iteration 1004 (out: 10, in: 4)
[99999.041] ms in Krylov 
[964.454] ms in LLS 
[99484.269] ms in Get Residual 
[201517.915] ms in total (Dense w OMP)

A: ../data/cage10.mtx 11397x11397
m=100, tol=1e-06, maxit=100000

FGMRES converged to relative tolerance: 9.77376e-07 at iteration 919 (out: 9, in: 19)
[84426.034] ms in Krylov 
[850.944] ms in LLS 
[83549.213] ms in Get Residual 
[169747.247] ms in total (Dense w OMP)

A: ../data/cage10.mtx 11397x11397
m=100, tol=1e-06, maxit=100000

FGMRES converged to relative tolerance: 9.71761e-07 at iteration 1009 (out: 10, in: 9)
[92508.815] ms in Krylov 
[942.473] ms in LLS 
[91089.298] ms in Get Residual 
[185549.780] ms in total (Dense w OMP)

A: ../data/cage10.mtx 11397x11397
m=100, tol=1e-06, maxit=100000

FGMRES converged to relative tolerance: 9.86715e-07 at iteration 860 (out: 8, in: 60)
[80523.506] ms in Krylov 
[772.059] ms in LLS 
[79294.688] ms in Get Residual 
[161439.415] ms in total (Dense w OMP)

A: ../data/cage10.mtx 11397x11397
m=100, tol=1e-06, maxit=100000

FGMRES converged to relative tolerance: 8.74168e-07 at iteration 1004 (out: 10, in: 4)
[91359.916] ms in Krylov 
[944.322] ms in LLS 
[89904.563] ms in Get Residual 
[183194.421] ms in total (Dense w OMP)

A: ../data/cage10.mtx 11397x11397
m=100, tol=1e-06, maxit=100000

FGMRES converged to relative tolerance: 7.9523e-07 at iteration 1004 (out: 10, in: 4)
[98328.437] ms in Krylov 
[942.970] ms in LLS 
[97398.704] ms in Get Residual 
[197750.961] ms in total (Dense w OMP)

A: ../data/cage10.mtx 11397x11397
m=100, tol=1e-06, maxit=100000

FGMRES converged to relative tolerance: 9.90661e-07 at iteration 1009 (out: 10, in: 9)
[93240.939] ms in Krylov 
[965.805] ms in LLS 
[92504.467] ms in Get Residual 
[187712.214] ms in total (Dense w OMP)

A: ../data/cage10.mtx 11397x11397
m=100, tol=1e-06, maxit=100000

FGMRES converged to relative tolerance: 9.99037e-07 at iteration 770 (out: 7, in: 70)
[72500.804] ms in Krylov 
[687.440] ms in LLS 
[71390.227] ms in Get Residual 
[145334.993] ms in total (Dense w OMP)

A: ../data/cage10.mtx 11397x11397
m=100, tol=1e-06, maxit=100000

FGMRES converged to relative tolerance: 9.73391e-07 at iteration 1006 (out: 10, in: 6)
[98575.180] ms in Krylov 
[942.690] ms in LLS 
[97415.563] ms in Get Residual 
[198007.371] ms in total (Dense w OMP)

