A: ../data/bcspwr/bcspwr03.mtx 118x118
m=100, tol=1e-06, maxit=100000

FGMRES converged to relative tolerance: 8.87868e-07 at iteration 314 (out: 3, in: 14)
[9.615] ms in Krylov 
[235.529] ms in LLS 
[5.631] ms in Get Residual 
[251.045] ms in total (Dense w OMP)

A: ../data/bcspwr/bcspwr03.mtx 118x118
m=100, tol=1e-06, maxit=100000

FGMRES converged to relative tolerance: 6.34906e-07 at iteration 315 (out: 3, in: 15)
[9.736] ms in Krylov 
[236.721] ms in LLS 
[5.711] ms in Get Residual 
[252.441] ms in total (Dense w OMP)

A: ../data/bcspwr/bcspwr03.mtx 118x118
m=100, tol=1e-06, maxit=100000

FGMRES converged to relative tolerance: 9.45813e-07 at iteration 302 (out: 3, in: 2)
[9.469] ms in Krylov 
[235.536] ms in LLS 
[5.446] ms in Get Residual 
[250.719] ms in total (Dense w OMP)

A: ../data/bcspwr/bcspwr03.mtx 118x118
m=100, tol=1e-06, maxit=100000

FGMRES converged to relative tolerance: 8.44862e-07 at iteration 306 (out: 3, in: 6)
[9.547] ms in Krylov 
[235.895] ms in LLS 
[5.532] ms in Get Residual 
[251.245] ms in total (Dense w OMP)

A: ../data/bcspwr/bcspwr03.mtx 118x118
m=100, tol=1e-06, maxit=100000

FGMRES converged to relative tolerance: 8.31917e-07 at iteration 302 (out: 3, in: 2)
[9.489] ms in Krylov 
[236.575] ms in LLS 
[5.523] ms in Get Residual 
[251.861] ms in total (Dense w OMP)

A: ../data/bcspwr/bcspwr03.mtx 118x118
m=100, tol=1e-06, maxit=100000

FGMRES converged to relative tolerance: 9.86988e-07 at iteration 304 (out: 3, in: 4)
[9.558] ms in Krylov 
[235.737] ms in LLS 
[5.495] ms in Get Residual 
[251.060] ms in total (Dense w OMP)

A: ../data/bcspwr/bcspwr03.mtx 118x118
m=100, tol=1e-06, maxit=100000

FGMRES converged to relative tolerance: 8.82279e-07 at iteration 252 (out: 2, in: 52)
[7.474] ms in Krylov 
[165.614] ms in LLS 
[4.398] ms in Get Residual 
[177.721] ms in total (Dense w OMP)

A: ../data/bcspwr/bcspwr03.mtx 118x118
m=100, tol=1e-06, maxit=100000

FGMRES converged to relative tolerance: 8.26825e-07 at iteration 306 (out: 3, in: 6)
[9.508] ms in Krylov 
[235.244] ms in LLS 
[5.523] ms in Get Residual 
[250.541] ms in total (Dense w OMP)

A: ../data/bcspwr/bcspwr03.mtx 118x118
m=100, tol=1e-06, maxit=100000

FGMRES converged to relative tolerance: 9.16878e-07 at iteration 310 (out: 3, in: 10)
[9.614] ms in Krylov 
[235.606] ms in LLS 
[5.603] ms in Get Residual 
[251.094] ms in total (Dense w OMP)

A: ../data/bcspwr/bcspwr03.mtx 118x118
m=100, tol=1e-06, maxit=100000

FGMRES converged to relative tolerance: 9.78411e-07 at iteration 292 (out: 2, in: 92)
[9.021] ms in Krylov 
[213.824] ms in LLS 
[5.259] ms in Get Residual 
[228.350] ms in total (Dense w OMP)

A: ../data/bcspwr/bcspwr03.mtx 118x118
m=100, tol=1e-06, maxit=100000

FGMRES converged to relative tolerance: 7.601e-07 at iteration 304 (out: 3, in: 4)
[9.543] ms in Krylov 
[236.745] ms in LLS 
[5.553] ms in Get Residual 
[252.110] ms in total (Dense w OMP)

A: ../data/bcspwr/bcspwr03.mtx 118x118
m=100, tol=1e-06, maxit=100000

FGMRES converged to relative tolerance: 5.71505e-07 at iteration 316 (out: 3, in: 16)
[9.677] ms in Krylov 
[235.793] ms in LLS 
[5.631] ms in Get Residual 
[251.372] ms in total (Dense w OMP)

A: ../data/bcspwr/bcspwr03.mtx 118x118
m=100, tol=1e-06, maxit=100000

FGMRES converged to relative tolerance: 8.82808e-07 at iteration 320 (out: 3, in: 20)
[9.725] ms in Krylov 
[235.106] ms in LLS 
[5.699] ms in Get Residual 
[250.804] ms in total (Dense w OMP)

A: ../data/bcspwr/bcspwr03.mtx 118x118
m=100, tol=1e-06, maxit=100000

FGMRES converged to relative tolerance: 8.98585e-07 at iteration 304 (out: 3, in: 4)
[9.488] ms in Krylov 
[235.185] ms in LLS 
[5.493] ms in Get Residual 
[250.432] ms in total (Dense w OMP)

A: ../data/bcspwr/bcspwr03.mtx 118x118
m=100, tol=1e-06, maxit=100000

FGMRES converged to relative tolerance: 9.95301e-07 at iteration 309 (out: 3, in: 9)
[9.629] ms in Krylov 
[235.853] ms in LLS 
[5.550] ms in Get Residual 
[251.297] ms in total (Dense w OMP)

A: ../data/bcspwr/bcspwr03.mtx 118x118
m=100, tol=1e-06, maxit=100000

FGMRES converged to relative tolerance: 9.98373e-07 at iteration 231 (out: 2, in: 31)
[6.878] ms in Krylov 
[159.193] ms in LLS 
[4.057] ms in Get Residual 
[170.366] ms in total (Dense w OMP)

A: ../data/bcspwr/bcspwr03.mtx 118x118
m=100, tol=1e-06, maxit=100000

FGMRES converged to relative tolerance: 7.51295e-07 at iteration 313 (out: 3, in: 13)
[9.623] ms in Krylov 
[234.547] ms in LLS 
[5.646] ms in Get Residual 
[250.084] ms in total (Dense w OMP)

A: ../data/bcspwr/bcspwr03.mtx 118x118
m=100, tol=1e-06, maxit=100000

FGMRES converged to relative tolerance: 8.09747e-07 at iteration 220 (out: 2, in: 20)
[6.595] ms in Krylov 
[156.965] ms in LLS 
[3.888] ms in Get Residual 
[167.674] ms in total (Dense w OMP)

A: ../data/bcspwr/bcspwr03.mtx 118x118
m=100, tol=1e-06, maxit=100000

FGMRES converged to relative tolerance: 9.77724e-07 at iteration 274 (out: 2, in: 74)
[8.231] ms in Krylov 
[182.675] ms in LLS 
[4.826] ms in Get Residual 
[195.965] ms in total (Dense w OMP)

A: ../data/bcspwr/bcspwr03.mtx 118x118
m=100, tol=1e-06, maxit=100000

FGMRES converged to relative tolerance: 6.957e-07 at iteration 317 (out: 3, in: 17)
[9.736] ms in Krylov 
[236.366] ms in LLS 
[5.650] ms in Get Residual 
[252.019] ms in total (Dense w OMP)

