A: ../data/cage7.mtx 340x340
m=100, tol=1e-06, maxit=100000

FGMRES converged to relative tolerance: 9.11525e-07 at iteration 806 (out: 8, in: 6)
[36.936] ms in Krylov 
[647.983] ms in LLS 
[17.736] ms in Get Residual 
[703.159] ms in total (Sparse w/ OMP) 

A: ../data/cage7.mtx 340x340
m=100, tol=1e-06, maxit=100000

FGMRES converged to relative tolerance: 9.98512e-07 at iteration 979 (out: 9, in: 79)
[44.090] ms in Krylov 
[759.067] ms in LLS 
[21.164] ms in Get Residual 
[824.893] ms in total (Sparse w/ OMP) 

A: ../data/cage7.mtx 340x340
m=100, tol=1e-06, maxit=100000

FGMRES converged to relative tolerance: 9.97769e-07 at iteration 960 (out: 9, in: 60)
[42.942] ms in Krylov 
[737.335] ms in LLS 
[20.604] ms in Get Residual 
[801.441] ms in total (Sparse w/ OMP) 

A: ../data/cage7.mtx 340x340
m=100, tol=1e-06, maxit=100000

FGMRES converged to relative tolerance: 9.94644e-07 at iteration 890 (out: 8, in: 90)
[40.752] ms in Krylov 
[700.976] ms in LLS 
[19.720] ms in Get Residual 
[761.968] ms in total (Sparse w/ OMP) 

A: ../data/cage7.mtx 340x340
m=100, tol=1e-06, maxit=100000

FGMRES converged to relative tolerance: 9.92696e-07 at iteration 824 (out: 8, in: 24)
[36.827] ms in Krylov 
[643.443] ms in LLS 
[17.749] ms in Get Residual 
[698.525] ms in total (Sparse w/ OMP) 

A: ../data/cage7.mtx 340x340
m=100, tol=1e-06, maxit=100000

FGMRES converged to relative tolerance: 9.05871e-07 at iteration 904 (out: 9, in: 4)
[41.352] ms in Krylov 
[726.428] ms in LLS 
[19.846] ms in Get Residual 
[788.212] ms in total (Sparse w/ OMP) 

A: ../data/cage7.mtx 340x340
m=100, tol=1e-06, maxit=100000

FGMRES converged to relative tolerance: 9.91886e-07 at iteration 904 (out: 9, in: 4)
[41.442] ms in Krylov 
[728.119] ms in LLS 
[19.994] ms in Get Residual 
[790.143] ms in total (Sparse w/ OMP) 

A: ../data/cage7.mtx 340x340
m=100, tol=1e-06, maxit=100000

FGMRES converged to relative tolerance: 9.98263e-07 at iteration 694 (out: 6, in: 94)
[31.441] ms in Krylov 
[548.351] ms in LLS 
[15.179] ms in Get Residual 
[595.423] ms in total (Sparse w/ OMP) 

A: ../data/cage7.mtx 340x340
m=100, tol=1e-06, maxit=100000

FGMRES converged to relative tolerance: 9.85815e-07 at iteration 885 (out: 8, in: 85)
[39.962] ms in Krylov 
[694.275] ms in LLS 
[19.098] ms in Get Residual 
[753.869] ms in total (Sparse w/ OMP) 

A: ../data/cage7.mtx 340x340
m=100, tol=1e-06, maxit=100000

FGMRES converged to relative tolerance: 9.99702e-07 at iteration 885 (out: 8, in: 85)
[39.904] ms in Krylov 
[687.075] ms in LLS 
[19.077] ms in Get Residual 
[746.587] ms in total (Sparse w/ OMP) 

A: ../data/cage7.mtx 340x340
m=100, tol=1e-06, maxit=100000

FGMRES converged to relative tolerance: 9.01697e-07 at iteration 704 (out: 7, in: 4)
[39.409] ms in Krylov 
[693.231] ms in LLS 
[18.669] ms in Get Residual 
[751.894] ms in total (Sparse w/ OMP) 

A: ../data/cage7.mtx 340x340
m=100, tol=1e-06, maxit=100000

FGMRES converged to relative tolerance: 9.75345e-07 at iteration 824 (out: 8, in: 24)
[45.278] ms in Krylov 
[790.349] ms in LLS 
[21.448] ms in Get Residual 
[857.677] ms in total (Sparse w/ OMP) 

A: ../data/cage7.mtx 340x340
m=100, tol=1e-06, maxit=100000

FGMRES converged to relative tolerance: 9.16494e-07 at iteration 906 (out: 9, in: 6)
[47.727] ms in Krylov 
[842.407] ms in LLS 
[22.720] ms in Get Residual 
[913.543] ms in total (Sparse w/ OMP) 

A: ../data/cage7.mtx 340x340
m=100, tol=1e-06, maxit=100000

FGMRES converged to relative tolerance: 9.86475e-07 at iteration 953 (out: 9, in: 53)
[48.902] ms in Krylov 
[843.773] ms in LLS 
[23.200] ms in Get Residual 
[916.555] ms in total (Sparse w/ OMP) 

A: ../data/cage7.mtx 340x340
m=100, tol=1e-06, maxit=100000

FGMRES converged to relative tolerance: 9.82723e-07 at iteration 800 (out: 7, in: 100)
[59.238] ms in Krylov 
[1109.316] ms in LLS 
[34.838] ms in Get Residual 
[1204.049] ms in total (Sparse w/ OMP) 

A: ../data/cage7.mtx 340x340
m=100, tol=1e-06, maxit=100000

FGMRES converged to relative tolerance: 9.78133e-07 at iteration 866 (out: 8, in: 66)
[92.658] ms in Krylov 
[1706.225] ms in LLS 
[39.080] ms in Get Residual 
[1838.801] ms in total (Sparse w/ OMP) 

A: ../data/cage7.mtx 340x340
m=100, tol=1e-06, maxit=100000

FGMRES converged to relative tolerance: 9.93524e-07 at iteration 734 (out: 7, in: 34)
[67.277] ms in Krylov 
[1292.088] ms in LLS 
[33.023] ms in Get Residual 
[1393.176] ms in total (Sparse w/ OMP) 

A: ../data/cage7.mtx 340x340
m=100, tol=1e-06, maxit=100000

FGMRES converged to relative tolerance: 9.97111e-07 at iteration 871 (out: 8, in: 71)
[80.474] ms in Krylov 
[1399.130] ms in LLS 
[39.156] ms in Get Residual 
[1519.614] ms in total (Sparse w/ OMP) 

A: ../data/cage7.mtx 340x340
m=100, tol=1e-06, maxit=100000

FGMRES converged to relative tolerance: 9.98185e-07 at iteration 776 (out: 7, in: 76)
[71.609] ms in Krylov 
[1241.343] ms in LLS 
[35.080] ms in Get Residual 
[1348.806] ms in total (Sparse w/ OMP) 

A: ../data/cage7.mtx 340x340
m=100, tol=1e-06, maxit=100000

FGMRES converged to relative tolerance: 7.34513e-07 at iteration 804 (out: 8, in: 4)
[75.588] ms in Krylov 
[1369.060] ms in LLS 
[36.771] ms in Get Residual 
[1482.267] ms in total (Sparse w/ OMP) 

