A: ../data/bcspwr/bcspwr01.mtx 39x39
m=100, tol=1e-06, maxit=100000

FGMRES converged to relative tolerance: 8.71012e-07 at iteration 331 (out: 3, in: 31)
[9.289] ms in Krylov 
[546.191] ms in LLS 
[2.377] ms in Get Residual 
[700.123] ms in total (Sparse w/o OMP) 

A: ../data/bcspwr/bcspwr01.mtx 39x39
m=100, tol=1e-06, maxit=100000

FGMRES converged to relative tolerance: 9.04242e-07 at iteration 325 (out: 3, in: 25)
[9.486] ms in Krylov 
[533.746] ms in LLS 
[2.260] ms in Get Residual 
[546.032] ms in total (Sparse w/o OMP) 

A: ../data/bcspwr/bcspwr01.mtx 39x39
m=100, tol=1e-06, maxit=100000

FGMRES converged to relative tolerance: 9.26105e-07 at iteration 426 (out: 4, in: 26)
[12.591] ms in Krylov 
[720.032] ms in LLS 
[3.045] ms in Get Residual 
[736.255] ms in total (Sparse w/o OMP) 

A: ../data/bcspwr/bcspwr01.mtx 39x39
m=100, tol=1e-06, maxit=100000

FGMRES converged to relative tolerance: 8.33044e-07 at iteration 330 (out: 3, in: 30)
[9.408] ms in Krylov 
[534.830] ms in LLS 
[2.208] ms in Get Residual 
[547.011] ms in total (Sparse w/o OMP) 

A: ../data/bcspwr/bcspwr01.mtx 39x39
m=100, tol=1e-06, maxit=100000

FGMRES converged to relative tolerance: 9.92403e-07 at iteration 355 (out: 3, in: 55)
[8.978] ms in Krylov 
[486.971] ms in LLS 
[1.982] ms in Get Residual 
[498.625] ms in total (Sparse w/o OMP) 

A: ../data/bcspwr/bcspwr01.mtx 39x39
m=100, tol=1e-06, maxit=100000

FGMRES converged to relative tolerance: 7.48863e-07 at iteration 348 (out: 3, in: 48)
[7.073] ms in Krylov 
[396.260] ms in LLS 
[1.678] ms in Get Residual 
[405.445] ms in total (Sparse w/o OMP) 

A: ../data/bcspwr/bcspwr01.mtx 39x39
m=100, tol=1e-06, maxit=100000

FGMRES converged to relative tolerance: 9.60303e-07 at iteration 380 (out: 3, in: 80)
[11.118] ms in Krylov 
[631.042] ms in LLS 
[2.818] ms in Get Residual 
[645.581] ms in total (Sparse w/o OMP) 

A: ../data/bcspwr/bcspwr01.mtx 39x39
m=100, tol=1e-06, maxit=100000

FGMRES converged to relative tolerance: 6.49944e-07 at iteration 414 (out: 4, in: 14)
[11.132] ms in Krylov 
[630.554] ms in LLS 
[2.479] ms in Get Residual 
[644.695] ms in total (Sparse w/o OMP) 

A: ../data/bcspwr/bcspwr01.mtx 39x39
m=100, tol=1e-06, maxit=100000

FGMRES converged to relative tolerance: 9.81168e-07 at iteration 333 (out: 3, in: 33)
[9.372] ms in Krylov 
[539.371] ms in LLS 
[2.233] ms in Get Residual 
[551.486] ms in total (Sparse w/o OMP) 

A: ../data/bcspwr/bcspwr01.mtx 39x39
m=100, tol=1e-06, maxit=100000

FGMRES converged to relative tolerance: 9.83894e-07 at iteration 360 (out: 3, in: 60)
[10.066] ms in Krylov 
[567.336] ms in LLS 
[2.388] ms in Get Residual 
[580.306] ms in total (Sparse w/o OMP) 

A: ../data/bcspwr/bcspwr01.mtx 39x39
m=100, tol=1e-06, maxit=100000

FGMRES converged to relative tolerance: 9.58623e-07 at iteration 393 (out: 3, in: 93)
[7.542] ms in Krylov 
[459.365] ms in LLS 
[1.529] ms in Get Residual 
[468.822] ms in total (Sparse w/o OMP) 

A: ../data/bcspwr/bcspwr01.mtx 39x39
m=100, tol=1e-06, maxit=100000

FGMRES converged to relative tolerance: 6.00241e-07 at iteration 322 (out: 3, in: 22)
[4.105] ms in Krylov 
[284.408] ms in LLS 
[0.950] ms in Get Residual 
[289.705] ms in total (Sparse w/o OMP) 

A: ../data/bcspwr/bcspwr01.mtx 39x39
m=100, tol=1e-06, maxit=100000

FGMRES converged to relative tolerance: 8.31996e-07 at iteration 329 (out: 3, in: 29)
[4.116] ms in Krylov 
[282.485] ms in LLS 
[0.960] ms in Get Residual 
[287.797] ms in total (Sparse w/o OMP) 

A: ../data/bcspwr/bcspwr01.mtx 39x39
m=100, tol=1e-06, maxit=100000

FGMRES converged to relative tolerance: 9.83461e-07 at iteration 399 (out: 3, in: 99)
[5.272] ms in Krylov 
[370.392] ms in LLS 
[1.216] ms in Get Residual 
[377.147] ms in total (Sparse w/o OMP) 

A: ../data/bcspwr/bcspwr01.mtx 39x39
m=100, tol=1e-06, maxit=100000

FGMRES converged to relative tolerance: 7.34906e-07 at iteration 424 (out: 4, in: 24)
[4.672] ms in Krylov 
[323.081] ms in LLS 
[1.098] ms in Get Residual 
[329.177] ms in total (Sparse w/o OMP) 

A: ../data/bcspwr/bcspwr01.mtx 39x39
m=100, tol=1e-06, maxit=100000

FGMRES converged to relative tolerance: 9.10413e-07 at iteration 336 (out: 3, in: 36)
[3.540] ms in Krylov 
[239.776] ms in LLS 
[0.827] ms in Get Residual 
[244.372] ms in total (Sparse w/o OMP) 

A: ../data/bcspwr/bcspwr01.mtx 39x39
m=100, tol=1e-06, maxit=100000

FGMRES converged to relative tolerance: 9.42842e-07 at iteration 367 (out: 3, in: 67)
[3.879] ms in Krylov 
[257.325] ms in LLS 
[0.911] ms in Get Residual 
[262.354] ms in total (Sparse w/o OMP) 

A: ../data/bcspwr/bcspwr01.mtx 39x39
m=100, tol=1e-06, maxit=100000

FGMRES converged to relative tolerance: 7.51332e-07 at iteration 410 (out: 4, in: 10)
[4.519] ms in Krylov 
[321.516] ms in LLS 
[1.038] ms in Get Residual 
[327.375] ms in total (Sparse w/o OMP) 

A: ../data/bcspwr/bcspwr01.mtx 39x39
m=100, tol=1e-06, maxit=100000

FGMRES converged to relative tolerance: 9.97531e-07 at iteration 355 (out: 3, in: 55)
[3.919] ms in Krylov 
[249.383] ms in LLS 
[0.858] ms in Get Residual 
[254.394] ms in total (Sparse w/o OMP) 

A: ../data/bcspwr/bcspwr01.mtx 39x39
m=100, tol=1e-06, maxit=100000

FGMRES converged to relative tolerance: 9.57081e-07 at iteration 328 (out: 3, in: 28)
[3.524] ms in Krylov 
[239.768] ms in LLS 
[0.815] ms in Get Residual 
[244.338] ms in total (Sparse w/o OMP) 

